-----------------------------------------------------------------------------

Input image     : /home/conor/Project/NB0508_q2343_f140.fits[38:56,33:52] 
Init. par. file : /home/conor/Galfit/galfit_input2.txt 
Restart file    : galfit.01 
Output image    : /home/conor/Galfit/Fits2/imgblock_NB0508_q2343_f140.fits 

 sersic    : (   46.67,    39.94)   24.19     28.75   [1.00]   0.12   -10.64
             (    0.37,     1.90)    0.47     13.74   [0.00]   0.05     1.96
 Chi^2 = 1218.88044,  ndof = 374
 Chi^2/nu = 3.259 

-----------------------------------------------------------------------------
-----------------------------------------------------------------------------

Input image     : /home/conor/Project/NB0565_q2343_f140.fits[45:58,41:53] 
Init. par. file : /home/conor/Galfit/galfit_input2.txt 
Restart file    : galfit.02 
Output image    : /home/conor/Galfit/Fits2/imgblock_NB0565_q2343_f140.fits 

 sersic    : (   52.28,    47.02)   26.77      1.68   [1.00]   0.82     2.74
             (    0.08,     0.10)    0.08      0.18   [0.00]   0.08    21.32
 Chi^2 = 201.79093,  ndof = 176
 Chi^2/nu = 1.147 

-----------------------------------------------------------------------------
-----------------------------------------------------------------------------

Input image     : /home/conor/Project/NB0970_q2343_f140.fits[39:51,43:55] 
Init. par. file : /home/conor/Galfit/galfit_input2.txt 
Restart file    : galfit.03 
Output image    : /home/conor/Galfit/Fits2/imgblock_NB0970_q2343_f140.fits 

 sersic    : (   45.36,    49.83)   26.94      2.24   [1.00]   0.57   -85.17
             (    0.13,     0.09)    0.08      0.27   [0.00]   0.06     7.72
 Chi^2 = 153.03950,  ndof = 163
 Chi^2/nu = 0.939 

-----------------------------------------------------------------------------
-----------------------------------------------------------------------------

Input image     : /home/conor/Project/NB1075_q2343_f140.fits[41:66,39:63] 
Init. par. file : /home/conor/Galfit/galfit_input2.txt 
Restart file    : galfit.04 
Output image    : /home/conor/Galfit/Fits2/imgblock_NB1075_q2343_f140.fits 

 sersic    : (   56.44,    50.64)  *30.62*    *0.01*  [1.00]   0.37   -68.98
             (  195.69,     1.06)  *53.86*   *21.79*  [0.00] 6836.35 187200.33
 Chi^2 = 884.20658,  ndof = 644
 Chi^2/nu = 1.373 

-----------------------------------------------------------------------------
-----------------------------------------------------------------------------

Input image     : /home/conor/Project/NB1585_q2343_f140.fits[34:60,33:59] 
Init. par. file : /home/conor/Galfit/galfit_input2.txt 
Restart file    : galfit.05 
Output image    : /home/conor/Galfit/Fits2/imgblock_NB1585_q2343_f140.fits 

 sersic    : (   46.55,    49.27)  *31.79*    *0.01*  [1.00]  *0.05*   37.78
             (    -nan,     -nan)   *-nan*    *-nan*  [0.00]  *-nan*    -nan
 Chi^2 = 1057.20675,  ndof = 723
 Chi^2/nu = 1.462 

-----------------------------------------------------------------------------
-----------------------------------------------------------------------------

Input image     : /home/conor/Project/NB1591_q2343_f140.fits[48:49,52:53] 
Init. par. file : /home/conor/Galfit/galfit_input2.txt 
Restart file    : galfit.06 
Output image    : /home/conor/Galfit/Fits2/imgblock_NB1591_q2343_f140.fits 

 sersic    : (  *50.15*,   51.11)   29.05      2.12   [1.00]   0.35    63.58
             (   *-nan*,    -nan)    -nan      -nan   [-nan]   -nan     -nan
 Chi^2 = 0.00000,  ndof = -2
 Chi^2/nu = -0.000 

-----------------------------------------------------------------------------
-----------------------------------------------------------------------------

Input image     : /home/conor/Project/NB1680_q2343_f140.fits[38:55,36:54] 
Init. par. file : /home/conor/Galfit/galfit_input2.txt 
Restart file    : galfit.07 
Output image    : /home/conor/Galfit/Fits2/imgblock_NB1680_q2343_f140.fits 

 sersic    : (   47.16,    45.61)   25.30      2.81   [1.00]   0.87     5.23
             (    0.06,     0.06)    0.03      0.14   [0.00]   0.04    12.37
 Chi^2 = 289.03590,  ndof = 336
 Chi^2/nu = 0.860 

-----------------------------------------------------------------------------
-----------------------------------------------------------------------------

Input image     : /home/conor/Project/NB1684_q2343_f140.fits[37:62,37:62] 
Init. par. file : /home/conor/Galfit/galfit_input2.txt 
Restart file    : galfit.08 
Output image    : /home/conor/Galfit/Fits2/imgblock_NB1684_q2343_f140.fits 

 sersic    : (   46.71,    52.86)   25.36     27.02   [1.00]   0.12    58.60
             (    2.06,     1.25)    0.37     11.28   [0.00]   0.04     2.28
 Chi^2 = 1025.42819,  ndof = 670
 Chi^2/nu = 1.530 

-----------------------------------------------------------------------------
-----------------------------------------------------------------------------

Input image     : /home/conor/Project/NB2098_q2343_f140.fits[43:56,37:51] 
Init. par. file : /home/conor/Galfit/galfit_input2.txt 
Restart file    : galfit.09 
Output image    : /home/conor/Galfit/Fits2/imgblock_NB2098_q2343_f140.fits 

 sersic    : (   51.31,    46.68)   26.95      4.57   [1.00]   0.21   -23.19
             (    0.14,     0.34)    0.13      0.85   [0.00]   0.03     2.92
 Chi^2 = 217.78468,  ndof = 204
 Chi^2/nu = 1.068 

-----------------------------------------------------------------------------
-----------------------------------------------------------------------------

Input image     : /home/conor/Project/NB2822_q2343_f140.fits[36:65,40:69] 
Init. par. file : /home/conor/Galfit/galfit_input2.txt 
Restart file    : galfit.10 
Output image    : /home/conor/Galfit/Fits2/imgblock_NB2822_q2343_f140.fits 

 sersic    : (   49.02,    52.09)   22.37    159.05   [1.00]  *0.07*    0.27
             (    0.88,    26.33)    4.03    595.29   [0.00]  *0.27*    6.09
 Chi^2 = 1043.20454,  ndof = 894
 Chi^2/nu = 1.167 

-----------------------------------------------------------------------------
-----------------------------------------------------------------------------

Input image     : /home/conor/Project/NB2835_q2343_f140.fits[42:56,45:59] 
Init. par. file : /home/conor/Galfit/galfit_input2.txt 
Restart file    : galfit.11 
Output image    : /home/conor/Galfit/Fits2/imgblock_NB2835_q2343_f140.fits 

 sersic    : (   50.48,    51.42)  *31.67*     0.81   [1.00]  *0.05*  -69.94
             (    3.80,    23.25) *117.77*    55.21   [0.00]  *9.71*  928.48
 Chi^2 = 231.12497,  ndof = 219
 Chi^2/nu = 1.055 

-----------------------------------------------------------------------------
-----------------------------------------------------------------------------

Input image     : /home/conor/Project/NB2847_q2343_f140.fits[44:58,52:65] 
Init. par. file : /home/conor/Galfit/galfit_input2.txt 
Restart file    : galfit.12 
Output image    : /home/conor/Galfit/Fits2/imgblock_NB2847_q2343_f140.fits 

 sersic    : (   53.13,    59.35)   28.38      1.45   [1.00]   0.34   -77.68
             (    0.46,     0.14)    0.44      0.82   [0.00]   0.23    23.28
 Chi^2 = 328.06855,  ndof = 204
 Chi^2/nu = 1.608 

-----------------------------------------------------------------------------
-----------------------------------------------------------------------------

Input image     : /home/conor/Project/NB2875_q2343_f140.fits[36:58,37:59] 
Init. par. file : /home/conor/Galfit/galfit_input2.txt 
Restart file    : galfit.13 
Output image    : /home/conor/Galfit/Fits2/imgblock_NB2875_q2343_f140.fits 

 sersic    : (   49.79,    49.78)   28.48      1.91   [1.00]   0.42    17.99
             (    0.13,     0.25)    0.19      0.52   [0.00]   0.11    11.23
 Chi^2 = 573.88235,  ndof = 523
 Chi^2/nu = 1.097 

-----------------------------------------------------------------------------
-----------------------------------------------------------------------------

Input image     : /home/conor/Project/NB2957_q2343_f140.fits[35:60,35:60] 
Init. par. file : /home/conor/Galfit/galfit_input2.txt 
Restart file    : galfit.14 
Output image    : /home/conor/Galfit/Fits2/imgblock_NB2957_q2343_f140.fits 

 sersic    : (   47.79,    49.73)   27.57      1.58   [1.00]   0.97   -59.48
             (    0.17,     0.15)    0.15      0.32   [0.00]   0.19   223.96
 Chi^2 = 751.51633,  ndof = 670
 Chi^2/nu = 1.122 

-----------------------------------------------------------------------------
